2024-01-23 15:42:08,967 INFO [main] R.Application Starting Application on DESKTOP-M15J138 with PID 26600 (C:\Users\user\Desktop\smth\Random-Number-Generator\target\classes started by user in C:\Users\user\Desktop\smth\Random-Number-Generator)
2024-01-23 15:42:08,968 INFO [main] R.Application No active profile set, falling back to default profiles: default
2024-01-23 15:42:10,893 INFO [main] o.s.b.w.e.t.TomcatWebServer Tomcat initialized with port(s): 8080 (http)
2024-01-23 15:42:10,921 INFO [main] o.a.c.h.Http11NioProtocol Initializing ProtocolHandler ["http-nio-8080"]
2024-01-23 15:42:10,948 INFO [main] o.a.c.c.StandardService Starting service [Tomcat]
2024-01-23 15:42:10,948 INFO [main] o.a.c.c.StandardEngine Starting Servlet engine: [Apache Tomcat/9.0.21]
2024-01-23 15:42:11,056 INFO [main] o.a.c.c.C.[.[.[/] Initializing Spring embedded WebApplicationContext
2024-01-23 15:42:11,056 INFO [main] o.s.w.c.ContextLoader Root WebApplicationContext: initialization completed in 2026 ms
2024-01-23 15:42:11,331 INFO [main] o.s.s.c.ThreadPoolTaskExecutor Initializing ExecutorService 'applicationTaskExecutor'
2024-01-23 15:42:11,638 INFO [main] o.a.c.h.Http11NioProtocol Starting ProtocolHandler ["http-nio-8080"]
2024-01-23 15:42:11,685 INFO [main] o.s.b.w.e.t.TomcatWebServer Tomcat started on port(s): 8080 (http) with context path ''
2024-01-23 15:42:11,688 INFO [main] R.Application Started Application in 3.387 seconds (JVM running for 4.203)
2024-01-23 15:42:11,688 INFO [main] R.Application Info level log message
2024-01-23 15:42:11,688 ERROR [main] R.Application Error level log message
2024-01-23 15:43:12,545 INFO [main] R.Application Starting Application on DESKTOP-M15J138 with PID 7528 (C:\Users\user\Desktop\smth\Random-Number-Generator\target\classes started by user in C:\Users\user\Desktop\smth\Random-Number-Generator)
2024-01-23 15:43:12,545 INFO [main] R.Application No active profile set, falling back to default profiles: default
2024-01-23 15:43:14,010 INFO [main] o.s.b.w.e.t.TomcatWebServer Tomcat initialized with port(s): 8080 (http)
2024-01-23 15:43:14,031 INFO [main] o.a.c.h.Http11NioProtocol Initializing ProtocolHandler ["http-nio-8080"]
2024-01-23 15:43:14,042 INFO [main] o.a.c.c.StandardService Starting service [Tomcat]
2024-01-23 15:43:14,042 INFO [main] o.a.c.c.StandardEngine Starting Servlet engine: [Apache Tomcat/9.0.21]
2024-01-23 15:43:14,141 INFO [main] o.a.c.c.C.[.[.[/] Initializing Spring embedded WebApplicationContext
2024-01-23 15:43:14,141 INFO [main] o.s.w.c.ContextLoader Root WebApplicationContext: initialization completed in 1541 ms
2024-01-23 15:43:14,384 INFO [main] o.s.s.c.ThreadPoolTaskExecutor Initializing ExecutorService 'applicationTaskExecutor'
2024-01-23 15:43:14,664 INFO [main] o.a.c.h.Http11NioProtocol Starting ProtocolHandler ["http-nio-8080"]
2024-01-23 15:43:14,683 ERROR [main] o.a.c.u.LifecycleBase Failed to start component [Connector[HTTP/1.1-8080]]
org.apache.catalina.LifecycleException: Protocol handler start failed
	at org.apache.catalina.connector.Connector.startInternal(Connector.java:1008)
	at org.apache.catalina.util.LifecycleBase.start(LifecycleBase.java:183)
	at org.apache.catalina.core.StandardService.addConnector(StandardService.java:227)
	at org.springframework.boot.web.embedded.tomcat.TomcatWebServer.addPreviouslyRemovedConnectors(TomcatWebServer.java:263)
	at org.springframework.boot.web.embedded.tomcat.TomcatWebServer.start(TomcatWebServer.java:195)
	at org.springframework.boot.web.servlet.context.ServletWebServerApplicationContext.startWebServer(ServletWebServerApplicationContext.java:296)
	at org.springframework.boot.web.servlet.context.ServletWebServerApplicationContext.finishRefresh(ServletWebServerApplicationContext.java:162)
	at org.springframework.context.support.AbstractApplicationContext.refresh(AbstractApplicationContext.java:552)
	at org.springframework.boot.web.servlet.context.ServletWebServerApplicationContext.refresh(ServletWebServerApplicationContext.java:140)
	at org.springframework.boot.SpringApplication.refresh(SpringApplication.java:742)
	at org.springframework.boot.SpringApplication.refreshContext(SpringApplication.java:389)
	at org.springframework.boot.SpringApplication.run(SpringApplication.java:311)
	at org.springframework.boot.SpringApplication.run(SpringApplication.java:1213)
	at org.springframework.boot.SpringApplication.run(SpringApplication.java:1202)
	at RandomNumberGenerator.Application.main(Application.java:14)
Caused by: java.net.BindException: Address already in use: bind
	at sun.nio.ch.Net.bind0(Native Method)
	at sun.nio.ch.Net.bind(Unknown Source)
	at sun.nio.ch.Net.bind(Unknown Source)
	at sun.nio.ch.ServerSocketChannelImpl.bind(Unknown Source)
	at sun.nio.ch.ServerSocketAdaptor.bind(Unknown Source)
	at org.apache.tomcat.util.net.NioEndpoint.initServerSocket(NioEndpoint.java:230)
	at org.apache.tomcat.util.net.NioEndpoint.bind(NioEndpoint.java:213)
	at org.apache.tomcat.util.net.AbstractEndpoint.bindWithCleanup(AbstractEndpoint.java:1124)
	at org.apache.tomcat.util.net.AbstractEndpoint.start(AbstractEndpoint.java:1210)
	at org.apache.coyote.AbstractProtocol.start(AbstractProtocol.java:585)
	at org.apache.catalina.connector.Connector.startInternal(Connector.java:1005)
	... 14 common frames omitted
2024-01-23 15:43:14,686 INFO [main] o.a.c.h.Http11NioProtocol Pausing ProtocolHandler ["http-nio-8080"]
2024-01-23 15:43:14,686 INFO [main] o.a.c.c.StandardService Stopping service [Tomcat]
2024-01-23 15:43:14,690 INFO [main] o.a.c.u.LifecycleBase The stop() method was called on component [StandardServer[-1]] after stop() had already been called. The second call will be ignored.
2024-01-23 15:43:14,690 INFO [main] o.a.c.h.Http11NioProtocol Stopping ProtocolHandler ["http-nio-8080"]
2024-01-23 15:43:14,690 INFO [main] o.a.c.h.Http11NioProtocol Destroying ProtocolHandler ["http-nio-8080"]
2024-01-23 15:43:14,690 INFO [main] o.s.b.a.l.ConditionEvaluationReportLoggingListener 

Error starting ApplicationContext. To display the conditions report re-run your application with 'debug' enabled.
2024-01-23 15:43:14,690 ERROR [main] o.s.b.d.LoggingFailureAnalysisReporter 

***************************
APPLICATION FAILED TO START
***************************

Description:

The Tomcat connector configured to listen on port 8080 failed to start. The port may already be in use or the connector may be misconfigured.

Action:

Verify the connector's configuration, identify and stop any process that's listening on port 8080, or configure this application to listen on another port.

2024-01-23 15:43:14,690 INFO [main] o.s.s.c.ThreadPoolTaskExecutor Shutting down ExecutorService 'applicationTaskExecutor'
2024-01-23 15:47:08,236 INFO [main] R.Application Starting Application on DESKTOP-M15J138 with PID 20916 (C:\Users\user\Desktop\smth\Random-Number-Generator\target\classes started by user in C:\Users\user\Desktop\smth\Random-Number-Generator)
2024-01-23 15:47:08,236 INFO [main] R.Application No active profile set, falling back to default profiles: default
2024-01-23 15:47:09,739 INFO [main] o.s.b.w.e.t.TomcatWebServer Tomcat initialized with port(s): 8080 (http)
2024-01-23 15:47:09,757 INFO [main] o.a.c.h.Http11NioProtocol Initializing ProtocolHandler ["http-nio-8080"]
2024-01-23 15:47:09,776 INFO [main] o.a.c.c.StandardService Starting service [Tomcat]
2024-01-23 15:47:09,776 INFO [main] o.a.c.c.StandardEngine Starting Servlet engine: [Apache Tomcat/9.0.21]
2024-01-23 15:47:09,878 INFO [main] o.a.c.c.C.[.[.[/] Initializing Spring embedded WebApplicationContext
2024-01-23 15:47:09,878 INFO [main] o.s.w.c.ContextLoader Root WebApplicationContext: initialization completed in 1590 ms
2024-01-23 15:47:10,147 INFO [main] o.s.s.c.ThreadPoolTaskExecutor Initializing ExecutorService 'applicationTaskExecutor'
2024-01-23 15:47:10,447 INFO [main] o.a.c.h.Http11NioProtocol Starting ProtocolHandler ["http-nio-8080"]
2024-01-23 15:47:10,477 INFO [main] o.s.b.w.e.t.TomcatWebServer Tomcat started on port(s): 8080 (http) with context path ''
2024-01-23 15:47:10,477 INFO [main] R.Application Started Application in 2.708 seconds (JVM running for 3.199)
2024-01-23 15:47:10,485 INFO [main] R.Application Info level log message
2024-01-23 15:47:10,485 ERROR [main] R.Application Error level log message
2024-01-23 16:06:48,114 INFO [main] R.Application Starting Application on DESKTOP-M15J138 with PID 20768 (C:\Users\user\Desktop\smth\Random-Number-Generator\target\classes started by user in C:\Users\user\Desktop\smth\Random-Number-Generator)
2024-01-23 16:06:48,114 INFO [main] R.Application No active profile set, falling back to default profiles: default
2024-01-23 16:06:49,655 INFO [main] o.s.b.w.e.t.TomcatWebServer Tomcat initialized with port(s): 8080 (http)
2024-01-23 16:06:49,666 INFO [main] o.a.c.h.Http11NioProtocol Initializing ProtocolHandler ["http-nio-8080"]
2024-01-23 16:06:49,688 INFO [main] o.a.c.c.StandardService Starting service [Tomcat]
2024-01-23 16:06:49,688 INFO [main] o.a.c.c.StandardEngine Starting Servlet engine: [Apache Tomcat/9.0.21]
2024-01-23 16:06:49,794 INFO [main] o.a.c.c.C.[.[.[/] Initializing Spring embedded WebApplicationContext
2024-01-23 16:06:49,794 INFO [main] o.s.w.c.ContextLoader Root WebApplicationContext: initialization completed in 1628 ms
2024-01-23 16:06:50,026 INFO [main] o.s.s.c.ThreadPoolTaskExecutor Initializing ExecutorService 'applicationTaskExecutor'
2024-01-23 16:06:50,279 INFO [main] o.a.c.h.Http11NioProtocol Starting ProtocolHandler ["http-nio-8080"]
2024-01-23 16:06:50,305 INFO [main] o.s.b.w.e.t.TomcatWebServer Tomcat started on port(s): 8080 (http) with context path ''
2024-01-23 16:06:50,310 INFO [main] R.Application Started Application in 2.683 seconds (JVM running for 3.154)
2024-01-23 16:06:50,311 INFO [main] R.Application Info level log message
2024-01-23 16:06:50,311 ERROR [main] R.Application Error level log message
